<?xml version="1.0" encoding="UTF-8"?>
<!-- Generated by org.testng.reporters.JUnitReportReporter -->
<testsuite hostname="lgvn181199" failures="0" tests="1" name="Railway.BookTicketTest" time="328.424" errors="0" timestamp="2020-10-21T19:12:43 ICT" skipped="0">
  <testcase classname="Railway.BookTicketTest" name="TC14" time="328.424"/>
  <system-out/>
</testsuite> <!-- Railway.BookTicketTest -->
