<?xml version="1.0" encoding="UTF-8"?>
<!-- Generated by org.testng.reporters.JUnitReportReporter -->
<testsuite skipped="0" hostname="DESKTOP-A3FSUAI" name="Foody.SearchTest" tests="2" failures="0" timestamp="2021-01-27T21:49:11 ICT" time="240.622" errors="0">
  <testcase name="TC002" time="122.756" classname="Foody.SearchTest"/>
  <system-out>
<b>INFO: </b>1. Navigate to Foody website 01.27.2021 - 21:47:30 - INFO: 1. Navigate to Foody website <b>INFO: </b>2. Select 'Tỉnh thành' combobox => "TP.HCM" 01.27.2021 - 21:48:06 - INFO: 2. Select 'Tỉnh thành' combobox => "TP.HCM" <b>INFO: </b>3. Select 'Category' combobox => "Ăn uống" > "Quán ăn" 01.27.2021 - 21:48:26 - INFO: 3. Select 'Category' combobox => "Ăn uống" > "Quán ăn" <b>INFO: </b>4. Enter value in 'Filter' textbox => "Phở Bò" 01.27.2021 - 21:48:51 - INFO: 4. Enter value in 'Filter' textbox => "Phở Bò" <b>INFO: </b>5. Click 'Search' button 01.27.2021 - 21:48:52 - INFO: 5. Click 'Search' button <b style="color: blue;word-break:break-word;"><i style="color: orange">VERIFY POINT: </i>Verify that the name of all displayed items in the result grid contains 'Phở/Bò'</b> 01.27.2021 - 21:49:03 - VERIFY POINT: Verify that the name of all displayed items in the result grid contains 'Phở/Bò'  </system-out>
  <testcase name="TC001" time="117.866" classname="Foody.SearchTest"/>
  <system-out>
<b>INFO: </b>1. Navigate to Foody website 01.27.2021 - 21:47:30 - INFO: 1. Navigate to Foody website <b style="color: blue;word-break:break-word;"><i style="color: orange">VERIFY POINT: </i>Verify that 'Giao tận nơi' title is displayed</b> 01.27.2021 - 21:48:06 - VERIFY POINT: Verify that 'Giao tận nơi' title is displayed <b style="color: blue;word-break:break-word;"><i style="color: orange">VERIFY POINT: </i>'Đặt bàn ưu đãi' title is displayed</b> 01.27.2021 - 21:48:07 - VERIFY POINT: 'Đặt bàn ưu đãi' title is displayed <b>INFO: </b>2. On home page enter value in 'Filter' text box - Test data: 'Cơm tấm' 01.27.2021 - 21:48:07 - INFO: 2. On home page enter value in 'Filter' text box - Test data: 'Cơm tấm' <b>INFO: </b>3. Click 'Search' button 01.27.2021 - 21:48:09 - INFO: 3. Click 'Search' button <b style="color: blue;word-break:break-word;"><i style="color: orange">VERIFY POINT: </i>In new page verify that: 'Địa điểm' menu item is selected</b> 01.27.2021 - 21:48:24 - VERIFY POINT: In new page verify that: 'Địa điểm' menu item is selected <b>INFO: </b>4. Click tab 'Đánh giá tốt nhất' 01.27.2021 - 21:48:25 - INFO: 4. Click tab 'Đánh giá tốt nhất' <b>INFO: </b>5. Select any item from result grid 01.27.2021 - 21:48:26 - INFO: 5. Select any item from result grid <b style="color: blue;word-break:break-word;"><i style="color: orange">VERIFY POINT: </i>Verify that the selected item is displayed correctly in details in next tab</b> 01.27.2021 - 21:48:55 - VERIFY POINT: Verify that the selected item is displayed correctly in details in next tab  </system-out>
</testsuite> <!-- Foody.SearchTest -->
