<?xml version="1.0" encoding="UTF-8"?>
<!-- Generated by org.testng.reporters.JUnitReportReporter -->
<testsuite hostname="LGVN14920-win7" failures="0" tests="1" name="Railway.RegisterTest" time="20.105" errors="0" timestamp="2020-10-22T17:40:13 ICT" skipped="0">
  <testcase classname="Railway.RegisterTest" name="FTTC02" time="20.105"/>
  <system-out/>
</testsuite> <!-- Railway.RegisterTest -->
