<?xml version="1.0" encoding="UTF-8"?>
<!-- Generated by org.testng.reporters.JUnitReportReporter -->
<testsuite skipped="0" hostname="DESKTOP-A3FSUAI" name="Railway.NewTest" tests="1" failures="0" timestamp="2020-10-18T02:34:53 ICT" time="50.233" errors="0">
  <testcase name="f" time="50.233" classname="Railway.NewTest"/>
  <system-out/>
</testsuite> <!-- Railway.NewTest -->
