<?xml version="1.0" encoding="UTF-8"?>
<!-- Generated by org.testng.reporters.JUnitReportReporter -->
<testsuite hostname="LGVN14920-win7" failures="0" tests="1" name="Railway.ManageTicketTest" time="350.338" errors="0" timestamp="2020-10-22T15:45:31 ICT" skipped="0">
  <testcase classname="Railway.ManageTicketTest" name="FTTC01" time="350.338"/>
  <system-out/>
</testsuite> <!-- Railway.ManageTicketTest -->
